\BOOKMARK [1][-]{section.1}{"The Cloud"}{}% 1
\BOOKMARK [2][-]{subsection.1.1}{Definition}{section.1}% 2
\BOOKMARK [3][-]{subsubsection.1.1.1}{Cloud computing is the use of computing resources \(hardware and software\) that are delivered as a service over a network \(typically the Internet\). The name comes from the use of a cloud-shaped symbol as an abstraction for the complex infrastructure it contains in system diagrams. Cloud computing entrusts remote services with a user's data, software and computation.}{subsection.1.1}% 3
\BOOKMARK [2][-]{subsection.1.2}{Types}{section.1}% 4
\BOOKMARK [2][-]{subsection.1.3}{Deployment Models}{section.1}% 5
\BOOKMARK [1][-]{section.2}{Why?}{}% 6
\BOOKMARK [2][-]{subsection.2.1}{Enter Wentworth Research Program}{section.2}% 7
\BOOKMARK [1][-]{section.3}{What is a Service?}{}% 8
\BOOKMARK [2][-]{subsection.3.1}{Basic}{section.3}% 9
\BOOKMARK [2][-]{subsection.3.2}{Formal}{section.3}% 10
\BOOKMARK [2][-]{subsection.3.3}{Practical}{section.3}% 11
\BOOKMARK [2][-]{subsection.3.4}{Representation}{section.3}% 12
\BOOKMARK [1][-]{section.4}{Building the Services Oriented Enterprise \(SOE\)}{}% 13
\BOOKMARK [2][-]{subsection.4.1}{Service Management}{section.4}% 14
\BOOKMARK [3][-]{subsubsection.4.1.1}{Information Technology Infrastructure Library \(ITIL\)}{subsection.4.1}% 15
\BOOKMARK [2][-]{subsection.4.2}{Enterprise Architecture}{section.4}% 16
\BOOKMARK [3][-]{subsubsection.4.2.1}{Definitions}{subsection.4.2}% 17
\BOOKMARK [3][-]{subsubsection.4.2.2}{Zachman Framework for Enterprise Architecture}{subsection.4.2}% 18
\BOOKMARK [2][-]{subsection.4.3}{Service-oriented Architecture}{section.4}% 19
\BOOKMARK [3][-]{subsubsection.4.3.1}{Principles}{subsection.4.3}% 20
\BOOKMARK [3][-]{subsubsection.4.3.2}{Why all this work? Agility => Alignment => Productivity++ ! Lego building blocks can be assembled and rearranged. The closer the Service's functionality is to the requirements of the business, the more productive the business will be.}{subsection.4.3}% 21
\BOOKMARK [2][-]{subsection.4.4}{Choreography of Services}{section.4}% 22
\BOOKMARK [3][-]{subsubsection.4.4.1}{Know your Service Offerings!}{subsection.4.4}% 23
\BOOKMARK [3][-]{subsubsection.4.4.2}{Like Tri-color toothpaste, Services have Layers. Keep them separate until use.}{subsection.4.4}% 24
